<?xml version="1.0" encoding="UTF-8"?>
<!-- Generated by org.testng.reporters.JUnitXMLReporter -->
<testsuite ignored="0" hostname="KALYANI" failures="0" tests="4" name="Default test" time="0.063" errors="0" timestamp="2024-06-24T17:36:08 IST">
  <testcase classname="listeners.Listeners_testNGclass" name="Addition" time="0.014"/>
  <testcase classname="listeners.Listeners_testNGclass" name="Refresh" time="0.002"/>
  <testcase classname="listeners.Listeners_testNGclass" name="fashion" time="0.001"/>
  <testcase classname="listeners.Listeners_testNGclass" name="test" time="0.001"/>
</testsuite> <!-- Default test -->
